<?xml version="1.0" encoding="UTF-8"?>
<!-- Generated by org.testng.reporters.JUnitReportReporter -->
<testsuite hostname="LAPTOP-RP7E2K3I" failures="0" tests="3" name="com.selenium.practise.Recurly" time="49.637" errors="0" timestamp="23 Nov 2019 09:15:27 GMT">
  <testcase classname="com.selenium.practise.Recurly" name="billing_Cycles" time="17.501"/>
  <testcase classname="com.selenium.practise.Recurly" name="billing_Cycles" time="16.189"/>
  <testcase classname="com.selenium.practise.Recurly" name="billing_Cycles" time="15.947"/>
</testsuite> <!-- com.selenium.practise.Recurly -->
